# JRE version: OpenJDK Runtime Environment Temurin-21.0.10+7 (21.0.10+7) (build 21.0.10+7-LTS)
# Java VM: OpenJDK 64-Bit Server VM Temurin-21.0.10+7 (21.0.10+7-LTS, mixed mode, sharing, tiered, compressed oops, compressed class ptrs, parallel gc, windows-amd64)
GC Precious Log:
 CardTable entry size: 512
 CPUs: 12 total, 12 available
 Memory: 7860M
 Large Page Support: Disabled
 NUMA Support: Disabled
 Compressed Oops: Enabled (32-bit)
 Alignments: Space 512K, Generation 512K, Heap 2M
 Heap Min Capacity: 100M
 Heap Initial Capacity: 100M
 Heap Max Capacity: 2G
 Pre-touch: Disabled
 Parallel Workers: 10
Heap:
 PSYoungGen      total 2560K, used 869K [0x00000000d5580000, 0x00000000d5980000, 0x0000000100000000)
  eden space 2048K, 26% used [0x00000000d5580000,0x00000000d5609520,0x00000000d5780000)
  from space 512K, 62% used [0x00000000d5900000,0x00000000d5950000,0x00000000d5980000)
  to   space 512K, 0% used [0x00000000d5880000,0x00000000d5880000,0x00000000d5900000)
 ParOldGen       total 194048K, used 193660K [0x0000000080000000, 0x000000008bd80000, 0x00000000d5580000)
  object space 194048K, 99% used [0x0000000080000000,0x000000008bd1f320,0x000000008bd80000)
 Metaspace       used 73764K, committed 75328K, reserved 1179648K
  class space    used 7673K, committed 8384K, reserved 1048576K
GC Heap History (20 events):
Event: 75.612 GC heap before
{Heap before GC invocations=208 (full 3):
 PSYoungGen      total 3072K, used 3072K [0x00000000d5580000, 0x00000000d5d80000, 0x0000000100000000)
  eden space 1024K, 100% used [0x00000000d5580000,0x00000000d5680000,0x00000000d5680000)
  from space 2048K, 100% used [0x00000000d5980000,0x00000000d5b80000,0x00000000d5b80000)
  to   space 3072K, 0% used [0x00000000d5680000,0x00000000d5680000,0x00000000d5980000)
 ParOldGen       total 184320K, used 183814K [0x0000000080000000, 0x000000008b400000, 0x00000000d5580000)
  object space 184320K, 99% used [0x0000000080000000,0x000000008b381840,0x000000008b400000)
 Metaspace       used 73743K, committed 75328K, reserved 1179648K
  class space    used 7673K, committed 8384K, reserved 1048576K
}
Event: 75.616 GC heap after
{Heap after GC invocations=208 (full 3):
 PSYoungGen      total 2560K, used 1088K [0x00000000d5580000, 0x00000000d5b00000, 0x0000000100000000)
  eden space 1024K, 0% used [0x00000000d5580000,0x00000000d5580000,0x00000000d5680000)
  from space 1536K, 70% used [0x00000000d5680000,0x00000000d5790000,0x00000000d5800000)
  to   space 2048K, 0% used [0x00000000d5900000,0x00000000d5900000,0x00000000d5b00000)
 ParOldGen       total 185856K, used 185790K [0x0000000080000000, 0x000000008b580000, 0x00000000d5580000)
  object space 185856K, 99% used [0x0000000080000000,0x000000008b56f840,0x000000008b580000)
 Metaspace       used 73743K, committed 75328K, reserved 1179648K
  class space    used 7673K, committed 8384K, reserved 1048576K
}
Event: 75.626 GC heap before
{Heap before GC invocations=209 (full 3):
 PSYoungGen      total 2560K, used 2112K [0x00000000d5580000, 0x00000000d5b00000, 0x0000000100000000)
  eden space 1024K, 100% used [0x00000000d5580000,0x00000000d5680000,0x00000000d5680000)
  from space 1536K, 70% used [0x00000000d5680000,0x00000000d5790000,0x00000000d5800000)
  to   space 2048K, 0% used [0x00000000d5900000,0x00000000d5900000,0x00000000d5b00000)
 ParOldGen       total 185856K, used 185790K [0x0000000080000000, 0x000000008b580000, 0x00000000d5580000)
  object space 185856K, 99% used [0x0000000080000000,0x000000008b56f840,0x000000008b580000)
 Metaspace       used 73743K, committed 75328K, reserved 1179648K
  class space    used 7673K, committed 8384K, reserved 1048576K
}
Event: 75.630 GC heap after
{Heap after GC invocations=209 (full 3):
 PSYoungGen      total 3072K, used 1076K [0x00000000d5580000, 0x00000000d5a80000, 0x0000000100000000)
  eden space 1536K, 0% used [0x00000000d5580000,0x00000000d5580000,0x00000000d5700000)
  from space 1536K, 70% used [0x00000000d5900000,0x00000000d5a0d200,0x00000000d5a80000)
  to   space 1536K, 0% used [0x00000000d5780000,0x00000000d5780000,0x00000000d5900000)
 ParOldGen       total 186880K, used 186830K [0x0000000080000000, 0x000000008b680000, 0x00000000d5580000)
  object space 186880K, 99% used [0x0000000080000000,0x000000008b673840,0x000000008b680000)
 Metaspace       used 73743K, committed 75328K, reserved 1179648K
  class space    used 7673K, committed 8384K, reserved 1048576K
}
Event: 75.642 GC heap before
{Heap before GC invocations=210 (full 3):
 PSYoungGen      total 3072K, used 2486K [0x00000000d5580000, 0x00000000d5a80000, 0x0000000100000000)
  eden space 1536K, 91% used [0x00000000d5580000,0x00000000d56e0688,0x00000000d5700000)
  from space 1536K, 70% used [0x00000000d5900000,0x00000000d5a0d200,0x00000000d5a80000)
  to   space 1536K, 0% used [0x00000000d5780000,0x00000000d5780000,0x00000000d5900000)
 ParOldGen       total 186880K, used 186830K [0x0000000080000000, 0x000000008b680000, 0x00000000d5580000)
  object space 186880K, 99% used [0x0000000080000000,0x000000008b673840,0x000000008b680000)
 Metaspace       used 73743K, committed 75328K, reserved 1179648K
  class space    used 7673K, committed 8384K, reserved 1048576K
}
Event: 75.645 GC heap after
{Heap after GC invocations=210 (full 3):
 PSYoungGen      total 3584K, used 1156K [0x00000000d5580000, 0x00000000d5a80000, 0x0000000100000000)
  eden space 2048K, 0% used [0x00000000d5580000,0x00000000d5580000,0x00000000d5780000)
  from space 1536K, 75% used [0x00000000d5780000,0x00000000d58a1000,0x00000000d5900000)
  to   space 1536K, 0% used [0x00000000d5900000,0x00000000d5900000,0x00000000d5a80000)
 ParOldGen       total 187904K, used 187758K [0x0000000080000000, 0x000000008b780000, 0x00000000d5580000)
  object space 187904K, 99% used [0x0000000080000000,0x000000008b75b840,0x000000008b780000)
 Metaspace       used 73743K, committed 75328K, reserved 1179648K
  class space    used 7673K, committed 8384K, reserved 1048576K
}
Event: 75.678 GC heap before
{Heap before GC invocations=211 (full 3):
 PSYoungGen      total 3584K, used 3204K [0x00000000d5580000, 0x00000000d5a80000, 0x0000000100000000)
  eden space 2048K, 100% used [0x00000000d5580000,0x00000000d5780000,0x00000000d5780000)
  from space 1536K, 75% used [0x00000000d5780000,0x00000000d58a1000,0x00000000d5900000)
  to   space 1536K, 0% used [0x00000000d5900000,0x00000000d5900000,0x00000000d5a80000)
 ParOldGen       total 187904K, used 187758K [0x0000000080000000, 0x000000008b780000, 0x00000000d5580000)
  object space 187904K, 99% used [0x0000000080000000,0x000000008b75b840,0x000000008b780000)
 Metaspace       used 73743K, committed 75328K, reserved 1179648K
  class space    used 7673K, committed 8384K, reserved 1048576K
}
Event: 75.681 GC heap after
{Heap after GC invocations=211 (full 3):
 PSYoungGen      total 2048K, used 1518K [0x00000000d5580000, 0x00000000d5e00000, 0x0000000100000000)
  eden space 512K, 0% used [0x00000000d5580000,0x00000000d5580000,0x00000000d5600000)
  from space 1536K, 98% used [0x00000000d5900000,0x00000000d5a7bae0,0x00000000d5a80000)
  to   space 3072K, 0% used [0x00000000d5600000,0x00000000d5600000,0x00000000d5900000)
 ParOldGen       total 189440K, used 189014K [0x0000000080000000, 0x000000008b900000, 0x00000000d5580000)
  object space 189440K, 99% used [0x0000000080000000,0x000000008b895840,0x000000008b900000)
 Metaspace       used 73743K, committed 75328K, reserved 1179648K
  class space    used 7673K, committed 8384K, reserved 1048576K
}
Event: 75.683 GC heap before
{Heap before GC invocations=212 (full 3):
 PSYoungGen      total 2048K, used 2030K [0x00000000d5580000, 0x00000000d5e00000, 0x0000000100000000)
  eden space 512K, 100% used [0x00000000d5580000,0x00000000d5600000,0x00000000d5600000)
  from space 1536K, 98% used [0x00000000d5900000,0x00000000d5a7bae0,0x00000000d5a80000)
  to   space 3072K, 0% used [0x00000000d5600000,0x00000000d5600000,0x00000000d5900000)
 ParOldGen       total 189440K, used 189014K [0x0000000080000000, 0x000000008b900000, 0x00000000d5580000)
  object space 189440K, 99% used [0x0000000080000000,0x000000008b895840,0x000000008b900000)
 Metaspace       used 73743K, committed 75328K, reserved 1179648K
  class space    used 7673K, committed 8384K, reserved 1048576K
}
Event: 75.685 GC heap after
{Heap after GC invocations=212 (full 3):
 PSYoungGen      total 1536K, used 640K [0x00000000d5580000, 0x00000000d5980000, 0x0000000100000000)
  eden space 512K, 0% used [0x00000000d5580000,0x00000000d5580000,0x00000000d5600000)
  from space 1024K, 62% used [0x00000000d5600000,0x00000000d56a0000,0x00000000d5700000)
  to   space 1536K, 0% used [0x00000000d5800000,0x00000000d5800000,0x00000000d5980000)
 ParOldGen       total 190976K, used 190508K [0x0000000080000000, 0x000000008ba80000, 0x00000000d5580000)
  object space 190976K, 99% used [0x0000000080000000,0x000000008ba0b320,0x000000008ba80000)
 Metaspace       used 73743K, committed 75328K, reserved 1179648K
  class space    used 7673K, committed 8384K, reserved 1048576K
}
Event: 75.686 GC heap before
{Heap before GC invocations=213 (full 3):
 PSYoungGen      total 1536K, used 1152K [0x00000000d5580000, 0x00000000d5980000, 0x0000000100000000)
  eden space 512K, 100% used [0x00000000d5580000,0x00000000d5600000,0x00000000d5600000)
  from space 1024K, 62% used [0x00000000d5600000,0x00000000d56a0000,0x00000000d5700000)
  to   space 1536K, 0% used [0x00000000d5800000,0x00000000d5800000,0x00000000d5980000)
 ParOldGen       total 190976K, used 190508K [0x0000000080000000, 0x000000008ba80000, 0x00000000d5580000)
  object space 190976K, 99% used [0x0000000080000000,0x000000008ba0b320,0x000000008ba80000)
 Metaspace       used 73743K, committed 75328K, reserved 1179648K
  class space    used 7673K, committed 8384K, reserved 1048576K
}
Event: 75.688 GC heap after
{Heap after GC invocations=213 (full 3):
 PSYoungGen      total 2048K, used 640K [0x00000000d5580000, 0x00000000d5900000, 0x0000000100000000)
  eden space 1024K, 0% used [0x00000000d5580000,0x00000000d5580000,0x00000000d5680000)
  from space 1024K, 62% used [0x00000000d5800000,0x00000000d58a0000,0x00000000d5900000)
  to   space 1024K, 0% used [0x00000000d5700000,0x00000000d5700000,0x00000000d5800000)
 ParOldGen       total 191488K, used 191036K [0x0000000080000000, 0x000000008bb00000, 0x00000000d5580000)
  object space 191488K, 99% used [0x0000000080000000,0x000000008ba8f320,0x000000008bb00000)
 Metaspace       used 73743K, committed 75328K, reserved 1179648K
  class space    used 7673K, committed 8384K, reserved 1048576K
}
Event: 75.691 GC heap before
{Heap before GC invocations=214 (full 3):
 PSYoungGen      total 2048K, used 1663K [0x00000000d5580000, 0x00000000d5900000, 0x0000000100000000)
  eden space 1024K, 99% used [0x00000000d5580000,0x00000000d567fff0,0x00000000d5680000)
  from space 1024K, 62% used [0x00000000d5800000,0x00000000d58a0000,0x00000000d5900000)
  to   space 1024K, 0% used [0x00000000d5700000,0x00000000d5700000,0x00000000d5800000)
 ParOldGen       total 191488K, used 191036K [0x0000000080000000, 0x000000008bb00000, 0x00000000d5580000)
  object space 191488K, 99% used [0x0000000080000000,0x000000008ba8f320,0x000000008bb00000)
 Metaspace       used 73743K, committed 75328K, reserved 1179648K
  class space    used 7673K, committed 8384K, reserved 1048576K
}
Event: 75.694 GC heap after
{Heap after GC invocations=214 (full 3):
 PSYoungGen      total 2560K, used 1024K [0x00000000d5580000, 0x00000000d5b00000, 0x0000000100000000)
  eden space 1536K, 0% used [0x00000000d5580000,0x00000000d5580000,0x00000000d5700000)
  from space 1024K, 100% used [0x00000000d5700000,0x00000000d5800000,0x00000000d5800000)
  to   space 2048K, 0% used [0x00000000d5900000,0x00000000d5900000,0x00000000d5b00000)
 ParOldGen       total 192000K, used 191604K [0x0000000080000000, 0x000000008bb80000, 0x00000000d5580000)
  object space 192000K, 99% used [0x0000000080000000,0x000000008bb1d320,0x000000008bb80000)
 Metaspace       used 73743K, committed 75328K, reserved 1179648K
  class space    used 7673K, committed 8384K, reserved 1048576K
}
Event: 75.724 GC heap before
{Heap before GC invocations=215 (full 3):
 PSYoungGen      total 2560K, used 2559K [0x00000000d5580000, 0x00000000d5b00000, 0x0000000100000000)
  eden space 1536K, 99% used [0x00000000d5580000,0x00000000d56ffff8,0x00000000d5700000)
  from space 1024K, 100% used [0x00000000d5700000,0x00000000d5800000,0x00000000d5800000)
  to   space 2048K, 0% used [0x00000000d5900000,0x00000000d5900000,0x00000000d5b00000)
 ParOldGen       total 192000K, used 191604K [0x0000000080000000, 0x000000008bb80000, 0x00000000d5580000)
  object space 192000K, 99% used [0x0000000080000000,0x000000008bb1d320,0x000000008bb80000)
 Metaspace       used 73743K, committed 75328K, reserved 1179648K
  class space    used 7673K, committed 8384K, reserved 1048576K
}
Event: 75.728 GC heap after
{Heap after GC invocations=215 (full 3):
 PSYoungGen      total 3584K, used 1200K [0x00000000d5580000, 0x00000000d5a80000, 0x0000000100000000)
  eden space 2048K, 0% used [0x00000000d5580000,0x00000000d5580000,0x00000000d5780000)
  from space 1536K, 78% used [0x00000000d5900000,0x00000000d5a2c000,0x00000000d5a80000)
  to   space 1536K, 0% used [0x00000000d5780000,0x00000000d5780000,0x00000000d5900000)
 ParOldGen       total 193024K, used 192596K [0x0000000080000000, 0x000000008bc80000, 0x00000000d5580000)
  object space 193024K, 99% used [0x0000000080000000,0x000000008bc15320,0x000000008bc80000)
 Metaspace       used 73743K, committed 75328K, reserved 1179648K
  class space    used 7673K, committed 8384K, reserved 1048576K
}
Event: 76.244 GC heap before
{Heap before GC invocations=216 (full 3):
 PSYoungGen      total 3584K, used 3247K [0x00000000d5580000, 0x00000000d5a80000, 0x0000000100000000)
  eden space 2048K, 99% used [0x00000000d5580000,0x00000000d577fff0,0x00000000d5780000)
  from space 1536K, 78% used [0x00000000d5900000,0x00000000d5a2c000,0x00000000d5a80000)
  to   space 1536K, 0% used [0x00000000d5780000,0x00000000d5780000,0x00000000d5900000)
 ParOldGen       total 193024K, used 192596K [0x0000000080000000, 0x000000008bc80000, 0x00000000d5580000)
  object space 193024K, 99% used [0x0000000080000000,0x000000008bc15320,0x000000008bc80000)
 Metaspace       used 73749K, committed 75328K, reserved 1179648K
  class space    used 7673K, committed 8384K, reserved 1048576K
}
Event: 76.247 GC heap after
{Heap after GC invocations=216 (full 3):
 PSYoungGen      total 3584K, used 288K [0x00000000d5580000, 0x00000000d5a00000, 0x0000000100000000)
  eden space 2048K, 0% used [0x00000000d5580000,0x00000000d5580000,0x00000000d5780000)
  from space 1536K, 18% used [0x00000000d5780000,0x00000000d57c8000,0x00000000d5900000)
  to   space 1024K, 0% used [0x00000000d5900000,0x00000000d5900000,0x00000000d5a00000)
 ParOldGen       total 194048K, used 193548K [0x0000000080000000, 0x000000008bd80000, 0x00000000d5580000)
  object space 194048K, 99% used [0x0000000080000000,0x000000008bd03320,0x000000008bd80000)
 Metaspace       used 73749K, committed 75328K, reserved 1179648K
  class space    used 7673K, committed 8384K, reserved 1048576K
}
Event: 76.271 GC heap before
{Heap before GC invocations=217 (full 3):
 PSYoungGen      total 3584K, used 2336K [0x00000000d5580000, 0x00000000d5a00000, 0x0000000100000000)
  eden space 2048K, 100% used [0x00000000d5580000,0x00000000d5780000,0x00000000d5780000)
  from space 1536K, 18% used [0x00000000d5780000,0x00000000d57c8000,0x00000000d5900000)
  to   space 1024K, 0% used [0x00000000d5900000,0x00000000d5900000,0x00000000d5a00000)
 ParOldGen       total 194048K, used 193548K [0x0000000080000000, 0x000000008bd80000, 0x00000000d5580000)
  object space 194048K, 99% used [0x0000000080000000,0x000000008bd03320,0x000000008bd80000)
 Metaspace       used 73764K, committed 75328K, reserved 1179648K
  class space    used 7673K, committed 8384K, reserved 1048576K
}
Event: 76.273 GC heap after
{Heap after GC invocations=217 (full 3):
 PSYoungGen      total 2560K, used 320K [0x00000000d5580000, 0x00000000d5980000, 0x0000000100000000)
  eden space 2048K, 0% used [0x00000000d5580000,0x00000000d5580000,0x00000000d5780000)
  from space 512K, 62% used [0x00000000d5900000,0x00000000d5950000,0x00000000d5980000)
  to   space 512K, 0% used [0x00000000d5880000,0x00000000d5880000,0x00000000d5900000)
 ParOldGen       total 194048K, used 193660K [0x0000000080000000, 0x000000008bd80000, 0x00000000d5580000)
  object space 194048K, 99% used [0x0000000080000000,0x000000008bd1f320,0x000000008bd80000)
 Metaspace       used 73764K, committed 75328K, reserved 1179648K
  class space    used 7673K, committed 8384K, reserved 1048576K
}

