# JRE version: OpenJDK Runtime Environment Temurin-21.0.10+7 (21.0.10+7) (build 21.0.10+7-LTS)
# Java VM: OpenJDK 64-Bit Server VM Temurin-21.0.10+7 (21.0.10+7-LTS, mixed mode, sharing, tiered, compressed oops, compressed class ptrs, parallel gc, windows-amd64)
GC Precious Log:
 CardTable entry size: 512
 CPUs: 12 total, 12 available
 Memory: 7860M
 Large Page Support: Disabled
 NUMA Support: Disabled
 Compressed Oops: Enabled (32-bit)
 Alignments: Space 512K, Generation 512K, Heap 2M
 Heap Min Capacity: 100M
 Heap Initial Capacity: 100M
 Heap Max Capacity: 2G
 Pre-touch: Disabled
 Parallel Workers: 10
Heap:
 PSYoungGen      total 13824K, used 9773K [0x00000000d5580000, 0x00000000d6a80000, 0x0000000100000000)
  eden space 12800K, 68% used [0x00000000d5580000,0x00000000d5e11cb8,0x00000000d6200000)
  from space 1024K, 97% used [0x00000000d6880000,0x00000000d6979ae0,0x00000000d6980000)
  to   space 1024K, 0% used [0x00000000d6980000,0x00000000d6980000,0x00000000d6a80000)
 ParOldGen       total 87552K, used 87234K [0x0000000080000000, 0x0000000085580000, 0x00000000d5580000)
  object space 87552K, 99% used [0x0000000080000000,0x0000000085530a10,0x0000000085580000)
 Metaspace       used 78063K, committed 79616K, reserved 1179648K
  class space    used 8302K, committed 8960K, reserved 1048576K
GC Heap History (20 events):
Event: 275.635 GC heap before
{Heap before GC invocations=63 (full 3):
 PSYoungGen      total 16384K, used 13408K [0x00000000d5580000, 0x00000000d6d00000, 0x0000000100000000)
  eden space 12800K, 100% used [0x00000000d5580000,0x00000000d6200000,0x00000000d6200000)
  from space 3584K, 16% used [0x00000000d6600000,0x00000000d6698020,0x00000000d6980000)
  to   space 1536K, 0% used [0x00000000d6b80000,0x00000000d6b80000,0x00000000d6d00000)
 ParOldGen       total 81408K, used 81285K [0x0000000080000000, 0x0000000084f80000, 0x00000000d5580000)
  object space 81408K, 99% used [0x0000000080000000,0x0000000084f61508,0x0000000084f80000)
 Metaspace       used 75103K, committed 76672K, reserved 1179648K
  class space    used 7983K, committed 8640K, reserved 1048576K
}
Event: 275.637 GC heap after
{Heap after GC invocations=63 (full 3):
 PSYoungGen      total 13312K, used 272K [0x00000000d5580000, 0x00000000d6c00000, 0x0000000100000000)
  eden space 12800K, 0% used [0x00000000d5580000,0x00000000d5580000,0x00000000d6200000)
  from space 512K, 53% used [0x00000000d6b80000,0x00000000d6bc4010,0x00000000d6c00000)
  to   space 1024K, 0% used [0x00000000d6a00000,0x00000000d6a00000,0x00000000d6b00000)
 ParOldGen       total 81920K, used 81645K [0x0000000080000000, 0x0000000085000000, 0x00000000d5580000)
  object space 81920K, 99% used [0x0000000080000000,0x0000000084fbb508,0x0000000085000000)
 Metaspace       used 75103K, committed 76672K, reserved 1179648K
  class space    used 7983K, committed 8640K, reserved 1048576K
}
Event: 276.615 GC heap before
{Heap before GC invocations=64 (full 3):
 PSYoungGen      total 13312K, used 12936K [0x00000000d5580000, 0x00000000d6c00000, 0x0000000100000000)
  eden space 12800K, 98% used [0x00000000d5580000,0x00000000d61ddff0,0x00000000d6200000)
  from space 512K, 53% used [0x00000000d6b80000,0x00000000d6bc4010,0x00000000d6c00000)
  to   space 1024K, 0% used [0x00000000d6a00000,0x00000000d6a00000,0x00000000d6b00000)
 ParOldGen       total 81920K, used 81645K [0x0000000080000000, 0x0000000085000000, 0x00000000d5580000)
  object space 81920K, 99% used [0x0000000080000000,0x0000000084fbb508,0x0000000085000000)
 Metaspace       used 75262K, committed 76800K, reserved 1179648K
  class space    used 7992K, committed 8640K, reserved 1048576K
}
Event: 276.616 GC heap after
{Heap after GC invocations=64 (full 3):
 PSYoungGen      total 13824K, used 676K [0x00000000d5580000, 0x00000000d6c00000, 0x0000000100000000)
  eden space 12800K, 0% used [0x00000000d5580000,0x00000000d5580000,0x00000000d6200000)
  from space 1024K, 66% used [0x00000000d6a00000,0x00000000d6aa93e0,0x00000000d6b00000)
  to   space 1024K, 0% used [0x00000000d6b00000,0x00000000d6b00000,0x00000000d6c00000)
 ParOldGen       total 81920K, used 81709K [0x0000000080000000, 0x0000000085000000, 0x00000000d5580000)
  object space 81920K, 99% used [0x0000000080000000,0x0000000084fcb508,0x0000000085000000)
 Metaspace       used 75262K, committed 76800K, reserved 1179648K
  class space    used 7992K, committed 8640K, reserved 1048576K
}
Event: 276.720 GC heap before
{Heap before GC invocations=65 (full 3):
 PSYoungGen      total 13824K, used 13476K [0x00000000d5580000, 0x00000000d6c00000, 0x0000000100000000)
  eden space 12800K, 100% used [0x00000000d5580000,0x00000000d6200000,0x00000000d6200000)
  from space 1024K, 66% used [0x00000000d6a00000,0x00000000d6aa93e0,0x00000000d6b00000)
  to   space 1024K, 0% used [0x00000000d6b00000,0x00000000d6b00000,0x00000000d6c00000)
 ParOldGen       total 81920K, used 81709K [0x0000000080000000, 0x0000000085000000, 0x00000000d5580000)
  object space 81920K, 99% used [0x0000000080000000,0x0000000084fcb508,0x0000000085000000)
 Metaspace       used 75280K, committed 76800K, reserved 1179648K
  class space    used 7992K, committed 8640K, reserved 1048576K
}
Event: 276.721 GC heap after
{Heap after GC invocations=65 (full 3):
 PSYoungGen      total 13312K, used 384K [0x00000000d5580000, 0x00000000d6b80000, 0x0000000100000000)
  eden space 12800K, 0% used [0x00000000d5580000,0x00000000d5580000,0x00000000d6200000)
  from space 512K, 75% used [0x00000000d6b00000,0x00000000d6b60020,0x00000000d6b80000)
  to   space 512K, 0% used [0x00000000d6a80000,0x00000000d6a80000,0x00000000d6b00000)
 ParOldGen       total 82432K, used 82083K [0x0000000080000000, 0x0000000085080000, 0x00000000d5580000)
  object space 82432K, 99% used [0x0000000080000000,0x0000000085028f58,0x0000000085080000)
 Metaspace       used 75280K, committed 76800K, reserved 1179648K
  class space    used 7992K, committed 8640K, reserved 1048576K
}
Event: 280.440 GC heap before
{Heap before GC invocations=66 (full 3):
 PSYoungGen      total 13312K, used 13184K [0x00000000d5580000, 0x00000000d6b80000, 0x0000000100000000)
  eden space 12800K, 100% used [0x00000000d5580000,0x00000000d6200000,0x00000000d6200000)
  from space 512K, 75% used [0x00000000d6b00000,0x00000000d6b60020,0x00000000d6b80000)
  to   space 512K, 0% used [0x00000000d6a80000,0x00000000d6a80000,0x00000000d6b00000)
 ParOldGen       total 82432K, used 82083K [0x0000000080000000, 0x0000000085080000, 0x00000000d5580000)
  object space 82432K, 99% used [0x0000000080000000,0x0000000085028f58,0x0000000085080000)
 Metaspace       used 75412K, committed 76992K, reserved 1179648K
  class space    used 7993K, committed 8640K, reserved 1048576K
}
Event: 280.442 GC heap after
{Heap after GC invocations=66 (full 3):
 PSYoungGen      total 13312K, used 488K [0x00000000d5580000, 0x00000000d6b80000, 0x0000000100000000)
  eden space 12800K, 0% used [0x00000000d5580000,0x00000000d5580000,0x00000000d6200000)
  from space 512K, 95% used [0x00000000d6a80000,0x00000000d6afa190,0x00000000d6b00000)
  to   space 512K, 0% used [0x00000000d6b00000,0x00000000d6b00000,0x00000000d6b80000)
 ParOldGen       total 83456K, used 82988K [0x0000000080000000, 0x0000000085180000, 0x00000000d5580000)
  object space 83456K, 99% used [0x0000000080000000,0x000000008510b0e8,0x0000000085180000)
 Metaspace       used 75412K, committed 76992K, reserved 1179648K
  class space    used 7993K, committed 8640K, reserved 1048576K
}
Event: 280.646 GC heap before
{Heap before GC invocations=67 (full 3):
 PSYoungGen      total 13312K, used 13288K [0x00000000d5580000, 0x00000000d6b80000, 0x0000000100000000)
  eden space 12800K, 100% used [0x00000000d5580000,0x00000000d6200000,0x00000000d6200000)
  from space 512K, 95% used [0x00000000d6a80000,0x00000000d6afa190,0x00000000d6b00000)
  to   space 512K, 0% used [0x00000000d6b00000,0x00000000d6b00000,0x00000000d6b80000)
 ParOldGen       total 83456K, used 82988K [0x0000000080000000, 0x0000000085180000, 0x00000000d5580000)
  object space 83456K, 99% used [0x0000000080000000,0x000000008510b0e8,0x0000000085180000)
 Metaspace       used 75630K, committed 77184K, reserved 1179648K
  class space    used 8025K, committed 8704K, reserved 1048576K
}
Event: 280.649 GC heap after
{Heap after GC invocations=67 (full 3):
 PSYoungGen      total 13312K, used 496K [0x00000000d5580000, 0x00000000d6b80000, 0x0000000100000000)
  eden space 12800K, 0% used [0x00000000d5580000,0x00000000d5580000,0x00000000d6200000)
  from space 512K, 96% used [0x00000000d6b00000,0x00000000d6b7c280,0x00000000d6b80000)
  to   space 1536K, 0% used [0x00000000d6880000,0x00000000d6880000,0x00000000d6a00000)
 ParOldGen       total 83968K, used 83922K [0x0000000080000000, 0x0000000085200000, 0x00000000d5580000)
  object space 83968K, 99% used [0x0000000080000000,0x00000000851f4b48,0x0000000085200000)
 Metaspace       used 75630K, committed 77184K, reserved 1179648K
  class space    used 8025K, committed 8704K, reserved 1048576K
}
Event: 280.926 GC heap before
{Heap before GC invocations=68 (full 3):
 PSYoungGen      total 13312K, used 13290K [0x00000000d5580000, 0x00000000d6b80000, 0x0000000100000000)
  eden space 12800K, 99% used [0x00000000d5580000,0x00000000d61fe868,0x00000000d6200000)
  from space 512K, 96% used [0x00000000d6b00000,0x00000000d6b7c280,0x00000000d6b80000)
  to   space 1536K, 0% used [0x00000000d6880000,0x00000000d6880000,0x00000000d6a00000)
 ParOldGen       total 83968K, used 83922K [0x0000000080000000, 0x0000000085200000, 0x00000000d5580000)
  object space 83968K, 99% used [0x0000000080000000,0x00000000851f4b48,0x0000000085200000)
 Metaspace       used 77106K, committed 78720K, reserved 1179648K
  class space    used 8201K, committed 8896K, reserved 1048576K
}
Event: 280.928 GC heap after
{Heap after GC invocations=68 (full 3):
 PSYoungGen      total 14336K, used 965K [0x00000000d5580000, 0x00000000d6b80000, 0x0000000100000000)
  eden space 12800K, 0% used [0x00000000d5580000,0x00000000d5580000,0x00000000d6200000)
  from space 1536K, 62% used [0x00000000d6880000,0x00000000d69717c8,0x00000000d6a00000)
  to   space 1536K, 0% used [0x00000000d6a00000,0x00000000d6a00000,0x00000000d6b80000)
 ParOldGen       total 84480K, used 84426K [0x0000000080000000, 0x0000000085280000, 0x00000000d5580000)
  object space 84480K, 99% used [0x0000000080000000,0x0000000085272b58,0x0000000085280000)
 Metaspace       used 77106K, committed 78720K, reserved 1179648K
  class space    used 8201K, committed 8896K, reserved 1048576K
}
Event: 281.325 GC heap before
{Heap before GC invocations=69 (full 3):
 PSYoungGen      total 14336K, used 13757K [0x00000000d5580000, 0x00000000d6b80000, 0x0000000100000000)
  eden space 12800K, 99% used [0x00000000d5580000,0x00000000d61fdc68,0x00000000d6200000)
  from space 1536K, 62% used [0x00000000d6880000,0x00000000d69717c8,0x00000000d6a00000)
  to   space 1536K, 0% used [0x00000000d6a00000,0x00000000d6a00000,0x00000000d6b80000)
 ParOldGen       total 84480K, used 84426K [0x0000000080000000, 0x0000000085280000, 0x00000000d5580000)
  object space 84480K, 99% used [0x0000000080000000,0x0000000085272b58,0x0000000085280000)
 Metaspace       used 77717K, committed 79296K, reserved 1179648K
  class space    used 8294K, committed 8960K, reserved 1048576K
}
Event: 281.328 GC heap after
{Heap after GC invocations=69 (full 3):
 PSYoungGen      total 13824K, used 670K [0x00000000d5580000, 0x00000000d6b00000, 0x0000000100000000)
  eden space 12800K, 0% used [0x00000000d5580000,0x00000000d5580000,0x00000000d6200000)
  from space 1024K, 65% used [0x00000000d6a00000,0x00000000d6aa78a8,0x00000000d6b00000)
  to   space 1024K, 0% used [0x00000000d6900000,0x00000000d6900000,0x00000000d6a00000)
 ParOldGen       total 85504K, used 85205K [0x0000000080000000, 0x0000000085380000, 0x00000000d5580000)
  object space 85504K, 99% used [0x0000000080000000,0x0000000085335718,0x0000000085380000)
 Metaspace       used 77717K, committed 79296K, reserved 1179648K
  class space    used 8294K, committed 8960K, reserved 1048576K
}
Event: 283.023 GC heap before
{Heap before GC invocations=70 (full 3):
 PSYoungGen      total 13824K, used 13470K [0x00000000d5580000, 0x00000000d6b00000, 0x0000000100000000)
  eden space 12800K, 100% used [0x00000000d5580000,0x00000000d6200000,0x00000000d6200000)
  from space 1024K, 65% used [0x00000000d6a00000,0x00000000d6aa78a8,0x00000000d6b00000)
  to   space 1024K, 0% used [0x00000000d6900000,0x00000000d6900000,0x00000000d6a00000)
 ParOldGen       total 85504K, used 85205K [0x0000000080000000, 0x0000000085380000, 0x00000000d5580000)
  object space 85504K, 99% used [0x0000000080000000,0x0000000085335718,0x0000000085380000)
 Metaspace       used 77821K, committed 79360K, reserved 1179648K
  class space    used 8295K, committed 8960K, reserved 1048576K
}
Event: 283.026 GC heap after
{Heap after GC invocations=70 (full 3):
 PSYoungGen      total 13824K, used 800K [0x00000000d5580000, 0x00000000d6a80000, 0x0000000100000000)
  eden space 12800K, 0% used [0x00000000d5580000,0x00000000d5580000,0x00000000d6200000)
  from space 1024K, 78% used [0x00000000d6900000,0x00000000d69c8000,0x00000000d6a00000)
  to   space 512K, 0% used [0x00000000d6a00000,0x00000000d6a00000,0x00000000d6a80000)
 ParOldGen       total 85504K, used 85435K [0x0000000080000000, 0x0000000085380000, 0x00000000d5580000)
  object space 85504K, 99% used [0x0000000080000000,0x000000008536efc0,0x0000000085380000)
 Metaspace       used 77821K, committed 79360K, reserved 1179648K
  class space    used 8295K, committed 8960K, reserved 1048576K
}
Event: 285.452 GC heap before
{Heap before GC invocations=71 (full 3):
 PSYoungGen      total 13824K, used 13600K [0x00000000d5580000, 0x00000000d6a80000, 0x0000000100000000)
  eden space 12800K, 100% used [0x00000000d5580000,0x00000000d6200000,0x00000000d6200000)
  from space 1024K, 78% used [0x00000000d6900000,0x00000000d69c8000,0x00000000d6a00000)
  to   space 512K, 0% used [0x00000000d6a00000,0x00000000d6a00000,0x00000000d6a80000)
 ParOldGen       total 85504K, used 85435K [0x0000000080000000, 0x0000000085380000, 0x00000000d5580000)
  object space 85504K, 99% used [0x0000000080000000,0x000000008536efc0,0x0000000085380000)
 Metaspace       used 77976K, committed 79552K, reserved 1179648K
  class space    used 8302K, committed 8960K, reserved 1048576K
}
Event: 285.454 GC heap after
{Heap after GC invocations=71 (full 3):
 PSYoungGen      total 13312K, used 496K [0x00000000d5580000, 0x00000000d6a80000, 0x0000000100000000)
  eden space 12800K, 0% used [0x00000000d5580000,0x00000000d5580000,0x00000000d6200000)
  from space 512K, 96% used [0x00000000d6a00000,0x00000000d6a7c010,0x00000000d6a80000)
  to   space 1024K, 0% used [0x00000000d6880000,0x00000000d6880000,0x00000000d6980000)
 ParOldGen       total 85504K, used 85499K [0x0000000080000000, 0x0000000085380000, 0x00000000d5580000)
  object space 85504K, 99% used [0x0000000080000000,0x000000008537efc0,0x0000000085380000)
 Metaspace       used 77976K, committed 79552K, reserved 1179648K
  class space    used 8302K, committed 8960K, reserved 1048576K
}
Event: 285.628 GC heap before
{Heap before GC invocations=72 (full 3):
 PSYoungGen      total 13312K, used 13296K [0x00000000d5580000, 0x00000000d6a80000, 0x0000000100000000)
  eden space 12800K, 100% used [0x00000000d5580000,0x00000000d6200000,0x00000000d6200000)
  from space 512K, 96% used [0x00000000d6a00000,0x00000000d6a7c010,0x00000000d6a80000)
  to   space 1024K, 0% used [0x00000000d6880000,0x00000000d6880000,0x00000000d6980000)
 ParOldGen       total 85504K, used 85499K [0x0000000080000000, 0x0000000085380000, 0x00000000d5580000)
  object space 85504K, 99% used [0x0000000080000000,0x000000008537efc0,0x0000000085380000)
 Metaspace       used 78016K, committed 79552K, reserved 1179648K
  class space    used 8302K, committed 8960K, reserved 1048576K
}
Event: 285.631 GC heap after
{Heap after GC invocations=72 (full 3):
 PSYoungGen      total 13824K, used 998K [0x00000000d5580000, 0x00000000d6a80000, 0x0000000100000000)
  eden space 12800K, 0% used [0x00000000d5580000,0x00000000d5580000,0x00000000d6200000)
  from space 1024K, 97% used [0x00000000d6880000,0x00000000d6979ae0,0x00000000d6980000)
  to   space 1024K, 0% used [0x00000000d6980000,0x00000000d6980000,0x00000000d6a80000)
 ParOldGen       total 87552K, used 87234K [0x0000000080000000, 0x0000000085580000, 0x00000000d5580000)
  object space 87552K, 99% used [0x0000000080000000,0x0000000085530a10,0x0000000085580000)
 Metaspace       used 78016K, committed 79552K, reserved 1179648K
  class space    used 8302K, committed 8960K, reserved 1048576K
}

